<?xml version="1.0" encoding="UTF-8" standalone="yes"?>
<portlet-definition xmlns="https://source.jasig.org/schemas/uportal/io/portlet-definition" xmlns:ns2="https://source.jasig.org/schemas/uportal" xmlns:ns3="https://source.jasig.org/schemas/uportal/io/portlet-type" xmlns:ns4="https://source.jasig.org/schemas/uportal/io/stylesheet-descriptor" xmlns:ns5="https://source.jasig.org/schemas/uportal/io/event-aggregation" xmlns:ns6="https://source.jasig.org/schemas/uportal/io/user" xmlns:ns7="https://source.jasig.org/schemas/uportal/io/permission-owner" xmlns:xsi="http://www.w3.org/2001/XMLSchema-instance" version="4.0" xsi:schemaLocation="https://source.jasig.org/schemas/uportal/io/portlet-definition https://source.jasig.org/schemas/uportal/io/portlet-definition/portlet-definition-4.0.xsd">
    <title>Test Portlet 1</title>
    <name>Test Portlet 1</name>
    <fname>test-portlet-1</fname>
    <desc>Test portlet 1 from Apache Pluto</desc>
    <type>Portlet</type>
    <timeout>600000</timeout>
    <portlet-descriptor>
        <ns2:webAppName>/pluto-testsuite</ns2:webAppName>
        <ns2:portletName>TestPortlet1</ns2:portletName>
    </portlet-descriptor>
    <category>Test</category>
    <group>Everyone</group>
    <parameter>
        <name>iconUrl</name>
        <value>/ResourceServingWebapp/rs/tango/0.8.90/32x32/categories/applications-development.png</value>
    </parameter>
    <portlet-preference>
        <name>TestName4</name>
        <readOnly>true</readOnly>
        <value>TestValue4</value>
    </portlet-preference>
</portlet-definition>
